[01m[K/home/sophia/workspace/about_ros/code/about_ros2/topic_ros/src/cpp01_topic/src/demo01_talker_str.cpp:[m[K In function â€˜[01m[Kint main(int, char**)[m[Kâ€™:
[01m[K/home/sophia/workspace/about_ros/code/about_ros2/topic_ros/src/cpp01_topic/src/demo01_talker_str.cpp:11:13:[m[K [01;31m[Kerror: [m[Kâ€˜[01m[Kshudown[m[Kâ€™ is not a member of â€˜[01m[Krclcpp[m[Kâ€™; did you mean â€˜[01m[Kshutdown[m[Kâ€™?
   11 |     rclcpp::[01;31m[Kshudown[m[K();
      |             [01;31m[K^~~~~~~[m[K
      |             [32m[Kshutdown[m[K
gmake[2]: *** [CMakeFiles/demo01_talker_str.dir/build.make:76: CMakeFiles/demo01_talker_str.dir/src/demo01_talker_str.cpp.o] Error 1
gmake[1]: *** [CMakeFiles/Makefile2:137: CMakeFiles/demo01_talker_str.dir/all] Error 2
gmake: *** [Makefile:146: all] Error 2
