[0.191s] Invoking command in '/home/sophia/workspace/about_ros/code/about_ros2/ws_tools/build/cpp02_rosbag': /bin/cmake --build /home/sophia/workspace/about_ros/code/about_ros2/ws_tools/build/cpp02_rosbag -- -j8 -l8
[1.396s] [35m[1mConsolidate compiler generated dependencies of target demo01_writer[0m
[1.396s] [35m[1mConsolidate compiler generated dependencies of target demo02_reader[0m
[1.511s] [ 25%] [32mBuilding CXX object CMakeFiles/demo01_writer.dir/src/demo01_writer.cpp.o[0m
[2.496s] [ 75%] Built target demo02_reader
[10.362s] [01m[K/home/sophia/workspace/about_ros/code/about_ros2/ws_tools/src/cpp02_rosbag/src/demo01_writer.cpp:19:2:[m[K [01;31m[Kerror: [m[Kexpected â€˜[01m[K;[m[Kâ€™ after class definition
[10.362s]    19 | }
[10.362s]       |  [01;31m[K^[m[K
[10.362s]       |  [32m[K;[m[K
[11.042s] gmake[2]: *** [CMakeFiles/demo01_writer.dir/build.make:76: CMakeFiles/demo01_writer.dir/src/demo01_writer.cpp.o] Error 1
[11.043s] gmake[1]: *** [CMakeFiles/Makefile2:139: CMakeFiles/demo01_writer.dir/all] Error 2
[11.043s] gmake: *** [Makefile:146: all] Error 2
[11.045s] Invoked command in '/home/sophia/workspace/about_ros/code/about_ros2/ws_tools/build/cpp02_rosbag' returned '2': /bin/cmake --build /home/sophia/workspace/about_ros/code/about_ros2/ws_tools/build/cpp02_rosbag -- -j8 -l8
