[0.009s] Invoking command in '/home/sophia/workspace/about_ros/code/about_ros2/ws_tools/build/cpp02_rosbag': /bin/cmake --build /home/sophia/workspace/about_ros/code/about_ros2/ws_tools/build/cpp02_rosbag -- -j8 -l8
[0.047s] [35m[1mConsolidate compiler generated dependencies of target demo01_writer[0m
[0.060s] [ 50%] Built target demo02_reader
[0.066s] [ 75%] [32mBuilding CXX object CMakeFiles/demo01_writer.dir/src/demo01_writer.cpp.o[0m
[2.476s] [01m[K/home/sophia/workspace/about_ros/code/about_ros2/ws_tools/src/cpp02_rosbag/src/demo01_writer.cpp:[m[K In constructor â€˜[01m[KSimpleBagRecorder::SimpleBagRecorder()[m[Kâ€™:
[2.476s] [01m[K/home/sophia/workspace/about_ros/code/about_ros2/ws_tools/src/cpp02_rosbag/src/demo01_writer.cpp:16:125:[m[K [01;31m[Kerror: [m[Kâ€˜[01m[Kdo_writer_msg[m[Kâ€™ is not a member of â€˜[01m[KSimpleBagRecorder[m[Kâ€™
[2.476s]    16 | :Twist>("/turtle1/cmd_vel",10,std::bind(&SimpleBagRecorder::[01;31m[Kdo_writer_msg[m[K, this, std::placeholders::__1));
[2.476s]       |                                                             [01;31m[K^~~~~~~~~~~~~[m[K
[2.476s] 
[2.476s] [01m[K/home/sophia/workspace/about_ros/code/about_ros2/ws_tools/src/cpp02_rosbag/src/demo01_writer.cpp:16:165:[m[K [01;31m[Kerror: [m[Kâ€˜[01m[K__1[m[Kâ€™ is not a member of â€˜[01m[Kstd::placeholders[m[Kâ€™; did you mean â€˜[01m[K_21[m[Kâ€™?
[2.477s]    16 | bind(&SimpleBagRecorder::do_writer_msg, this, std::placeholders::[01;31m[K__1[m[K));
[2.477s]       |                                                                  [01;31m[K^~~[m[K
[2.477s]       |                                                                  [32m[K_21[m[K
[2.477s] [01m[K/home/sophia/workspace/about_ros/code/about_ros2/ws_tools/src/cpp02_rosbag/src/demo01_writer.cpp:[m[K In member function â€˜[01m[Kvoid SimpleBagRecorder::do_writer_mag(std::shared_ptr<rclcpp::SerializedMessage>)[m[Kâ€™:
[2.477s] [01m[K/home/sophia/workspace/about_ros/code/about_ros2/ws_tools/src/cpp02_rosbag/src/demo01_writer.cpp:23:22:[m[K [01;31m[Kerror: [m[Kinvalid use of â€˜[01m[Krosbag2_cpp::Writer::Writer[m[Kâ€™
[2.477s]    23 |             writer_->[01;31m[KWriter[m[K(msg,"turtle1/cmd_vel","geometry_msgs/msg/Twist",this->now());
[2.477s]       |                      [01;31m[K^~~~~~[m[K
[2.963s] gmake[2]: *** [CMakeFiles/demo01_writer.dir/build.make:76: CMakeFiles/demo01_writer.dir/src/demo01_writer.cpp.o] Error 1
[2.963s] gmake[1]: *** [CMakeFiles/Makefile2:139: CMakeFiles/demo01_writer.dir/all] Error 2
[2.963s] gmake: *** [Makefile:146: all] Error 2
[2.965s] Invoked command in '/home/sophia/workspace/about_ros/code/about_ros2/ws_tools/build/cpp02_rosbag' returned '2': /bin/cmake --build /home/sophia/workspace/about_ros/code/about_ros2/ws_tools/build/cpp02_rosbag -- -j8 -l8
