[35m[1mConsolidate compiler generated dependencies of target demo01_writer[0m
[ 50%] Built target demo02_reader
[ 75%] [32mBuilding CXX object CMakeFiles/demo01_writer.dir/src/demo01_writer.cpp.o[0m
[01m[K/home/sophia/workspace/about_ros/code/about_ros2/ws_tools/src/cpp02_rosbag/src/demo01_writer.cpp:[m[K In member function â€˜[01m[Kvoid SimpleBagRecorder::do_writer_msg(std::shared_ptr<rclcpp::SerializedMessage>)[m[Kâ€™:
[01m[K/home/sophia/workspace/about_ros/code/about_ros2/ws_tools/src/cpp02_rosbag/src/demo01_writer.cpp:23:22:[m[K [01;31m[Kerror: [m[Kinvalid use of â€˜[01m[Krosbag2_cpp::Writer::Writer[m[Kâ€™
   23 |             writer_->[01;31m[KWriter[m[K(msg,"turtle1/cmd_vel","geometry_msgs/msg/Twist",this->now());
      |                      [01;31m[K^~~~~~[m[K
gmake[2]: *** [CMakeFiles/demo01_writer.dir/build.make:76: CMakeFiles/demo01_writer.dir/src/demo01_writer.cpp.o] Error 1
gmake[1]: *** [CMakeFiles/Makefile2:139: CMakeFiles/demo01_writer.dir/all] Error 2
gmake: *** [Makefile:146: all] Error 2
