[01m[K/home/sophia/workspace/about_ros/code/about_ros2/topic_ros/src/cpp01_topic/src/demo04_listener_stu.cpp:3:5:[m[K [01;35m[Kwarning: [m[Ksecond argument of â€˜[01m[Kint main(int, int**)[m[Kâ€™ should be â€˜[01m[Kchar **[m[Kâ€™ [[01;35m[K]8;;https://gcc.gnu.org/onlinedocs/gcc/Warning-Options.html#index-Wmain-Wmain]8;;[m[K]
    3 | int [01;35m[Kmain[m[K(int argc, int ** argv)
      |     [01;35m[K^~~~[m[K
[01m[K/home/sophia/workspace/about_ros/code/about_ros2/topic_ros/src/cpp01_topic/src/demo04_listener_stu.cpp:[m[K In function â€˜[01m[Kint main(int, int**)[m[Kâ€™:
[01m[K/home/sophia/workspace/about_ros/code/about_ros2/topic_ros/src/cpp01_topic/src/demo04_listener_stu.cpp:5:24:[m[K [01;31m[Kerror: [m[Kcannot convert â€˜[01m[Kint**[m[Kâ€™ to â€˜[01m[Kconst char* const*[m[Kâ€™
    5 |     rclcpp::init(argc, [01;31m[Kargv[m[K);
      |                        [01;31m[K^~~~[m[K
      |                        [01;31m[K|[m[K
      |                        [01;31m[Kint**[m[K
In file included from [01m[K/opt/ros/humble/include/rclcpp/rclcpp/logging.hpp:25[m[K,
                 from [01m[K/opt/ros/humble/include/rclcpp/rclcpp/client.hpp:40[m[K,
                 from [01m[K/opt/ros/humble/include/rclcpp/rclcpp/callback_group.hpp:24[m[K,
                 from [01m[K/opt/ros/humble/include/rclcpp/rclcpp/any_executable.hpp:20[m[K,
                 from [01m[K/opt/ros/humble/include/rclcpp/rclcpp/memory_strategy.hpp:25[m[K,
                 from [01m[K/opt/ros/humble/include/rclcpp/rclcpp/memory_strategies.hpp:18[m[K,
                 from [01m[K/opt/ros/humble/include/rclcpp/rclcpp/executor_options.hpp:20[m[K,
                 from [01m[K/opt/ros/humble/include/rclcpp/rclcpp/executor.hpp:37[m[K,
                 from [01m[K/opt/ros/humble/include/rclcpp/rclcpp/executors/multi_threaded_executor.hpp:25[m[K,
                 from [01m[K/opt/ros/humble/include/rclcpp/rclcpp/executors.hpp:21[m[K,
                 from [01m[K/opt/ros/humble/include/rclcpp/rclcpp/rclcpp.hpp:155[m[K,
                 from [01m[K/home/sophia/workspace/about_ros/code/about_ros2/topic_ros/src/cpp01_topic/src/demo04_listener_stu.cpp:1[m[K:
[01m[K/opt/ros/humble/include/rclcpp/rclcpp/utilities.hpp:77:24:[m[K [01;36m[Knote: [m[K  initializing argument 2 of â€˜[01m[Kvoid rclcpp::init(int, const char* const*, const rclcpp::InitOptions&, rclcpp::SignalHandlerOptions)[m[Kâ€™
   77 |   [01;36m[Kchar const * const * argv[m[K,
      |   [01;36m[K~~~~~~~~~~~~~~~~~~~~~^~~~[m[K
[01m[K/home/sophia/workspace/about_ros/code/about_ros2/topic_ros/src/cpp01_topic/src/demo04_listener_stu.cpp:11:13:[m[K [01;31m[Kerror: [m[Kâ€˜[01m[Kshutdwon[m[Kâ€™ is not a member of â€˜[01m[Krclcpp[m[Kâ€™; did you mean â€˜[01m[Kshutdown[m[Kâ€™?
   11 |     rclcpp::[01;31m[Kshutdwon[m[K();
      |             [01;31m[K^~~~~~~~[m[K
      |             [32m[Kshutdown[m[K
gmake[2]: *** [CMakeFiles/demo04_listener_stu.dir/build.make:76: CMakeFiles/demo04_listener_stu.dir/src/demo04_listener_stu.cpp.o] Error 1
gmake[1]: *** [CMakeFiles/Makefile2:221: CMakeFiles/demo04_listener_stu.dir/all] Error 2
gmake[1]: *** Waiting for unfinished jobs....
gmake: *** [Makefile:146: all] Error 2
