-- Found ament_cmake: 1.3.5 (/opt/ros/humble/share/ament_cmake/cmake)
-- Found rclcpp: 16.0.5 (/opt/ros/humble/share/rclcpp/cmake)
-- Found rosidl_generator_c: 3.1.5 (/opt/ros/humble/share/rosidl_generator_c/cmake)
-- Found rosidl_adapter: 3.1.5 (/opt/ros/humble/share/rosidl_adapter/cmake)
-- Found rosidl_generator_cpp: 3.1.5 (/opt/ros/humble/share/rosidl_generator_cpp/cmake)
-- Using all available rosidl_typesupport_c: rosidl_typesupport_fastrtps_c;rosidl_typesupport_introspection_c
-- Using all available rosidl_typesupport_cpp: rosidl_typesupport_fastrtps_cpp;rosidl_typesupport_introspection_cpp
-- Found rmw_implementation_cmake: 6.1.1 (/opt/ros/humble/share/rmw_implementation_cmake/cmake)
-- Found rmw_fastrtps_cpp: 6.2.3 (/opt/ros/humble/share/rmw_fastrtps_cpp/cmake)
-- Using RMW implementation 'rmw_fastrtps_cpp' as default
-- Found base_interface_demo: 0.0.0 (/home/sophia/workspace/about_ros/code/about_ros2/topic_ros/install/base_interface_demo/share/base_interface_demo/cmake)
-- Found ament_lint_auto: 0.12.7 (/opt/ros/humble/share/ament_lint_auto/cmake)
-- Added test 'cppcheck' to perform static code analysis on C / C++ code
-- Configured cppcheck include dirs: $<BUILD_INTERFACE:/home/sophia/workspace/about_ros/code/about_ros2/topic_ros/src/cpp01_topic/include>
-- Configured cppcheck exclude dirs and/or files: 
-- Added test 'lint_cmake' to check CMake code style
-- Added test 'uncrustify' to check C / C++ code style
-- Configured uncrustify additional arguments: 
-- Added test 'xmllint' to check XML markup files
-- Configuring done
-- Generating done
-- Build files have been written to: /home/sophia/workspace/about_ros/code/about_ros2/topic_ros/build/cpp01_topic
[35m[1mConsolidate compiler generated dependencies of target demo02_listener_str[0m
[ 25%] [32mBuilding CXX object CMakeFiles/demo04_listener_stu.dir/src/demo04_listener_stu.cpp.o[0m
[ 25%] [32mBuilding CXX object CMakeFiles/demo03_talker_stu.dir/src/demo03_talker_stu.cpp.o[0m
[35m[1mConsolidate compiler generated dependencies of target demo01_talker_str[0m
[ 37%] [32mBuilding CXX object CMakeFiles/demo02_listener_str.dir/src/demo02_listener_str.cpp.o[0m
[ 50%] [32mBuilding CXX object CMakeFiles/demo01_talker_str.dir/src/demo01_talker_str.cpp.o[0m
[01m[K/home/sophia/workspace/about_ros/code/about_ros2/topic_ros/src/cpp01_topic/src/demo04_listener_stu.cpp:3:5:[m[K [01;35m[Kwarning: [m[Ksecond argument of â€˜[01m[Kint main(int, int**)[m[Kâ€™ should be â€˜[01m[Kchar **[m[Kâ€™ [[01;35m[K]8;;https://gcc.gnu.org/onlinedocs/gcc/Warning-Options.html#index-Wmain-Wmain]8;;[m[K]
    3 | int [01;35m[Kmain[m[K(int argc, int ** argv)
      |     [01;35m[K^~~~[m[K
[01m[K/home/sophia/workspace/about_ros/code/about_ros2/topic_ros/src/cpp01_topic/src/demo04_listener_stu.cpp:[m[K In function â€˜[01m[Kint main(int, int**)[m[Kâ€™:
[01m[K/home/sophia/workspace/about_ros/code/about_ros2/topic_ros/src/cpp01_topic/src/demo04_listener_stu.cpp:5:24:[m[K [01;31m[Kerror: [m[Kcannot convert â€˜[01m[Kint**[m[Kâ€™ to â€˜[01m[Kconst char* const*[m[Kâ€™
    5 |     rclcpp::init(argc, [01;31m[Kargv[m[K);
      |                        [01;31m[K^~~~[m[K
      |                        [01;31m[K|[m[K
      |                        [01;31m[Kint**[m[K
In file included from [01m[K/opt/ros/humble/include/rclcpp/rclcpp/logging.hpp:25[m[K,
                 from [01m[K/opt/ros/humble/include/rclcpp/rclcpp/client.hpp:40[m[K,
                 from [01m[K/opt/ros/humble/include/rclcpp/rclcpp/callback_group.hpp:24[m[K,
                 from [01m[K/opt/ros/humble/include/rclcpp/rclcpp/any_executable.hpp:20[m[K,
                 from [01m[K/opt/ros/humble/include/rclcpp/rclcpp/memory_strategy.hpp:25[m[K,
                 from [01m[K/opt/ros/humble/include/rclcpp/rclcpp/memory_strategies.hpp:18[m[K,
                 from [01m[K/opt/ros/humble/include/rclcpp/rclcpp/executor_options.hpp:20[m[K,
                 from [01m[K/opt/ros/humble/include/rclcpp/rclcpp/executor.hpp:37[m[K,
                 from [01m[K/opt/ros/humble/include/rclcpp/rclcpp/executors/multi_threaded_executor.hpp:25[m[K,
                 from [01m[K/opt/ros/humble/include/rclcpp/rclcpp/executors.hpp:21[m[K,
                 from [01m[K/opt/ros/humble/include/rclcpp/rclcpp/rclcpp.hpp:155[m[K,
                 from [01m[K/home/sophia/workspace/about_ros/code/about_ros2/topic_ros/src/cpp01_topic/src/demo04_listener_stu.cpp:1[m[K:
[01m[K/opt/ros/humble/include/rclcpp/rclcpp/utilities.hpp:77:24:[m[K [01;36m[Knote: [m[K  initializing argument 2 of â€˜[01m[Kvoid rclcpp::init(int, const char* const*, const rclcpp::InitOptions&, rclcpp::SignalHandlerOptions)[m[Kâ€™
   77 |   [01;36m[Kchar const * const * argv[m[K,
      |   [01;36m[K~~~~~~~~~~~~~~~~~~~~~^~~~[m[K
[01m[K/home/sophia/workspace/about_ros/code/about_ros2/topic_ros/src/cpp01_topic/src/demo04_listener_stu.cpp:11:13:[m[K [01;31m[Kerror: [m[Kâ€˜[01m[Kshutdwon[m[Kâ€™ is not a member of â€˜[01m[Krclcpp[m[Kâ€™; did you mean â€˜[01m[Kshutdown[m[Kâ€™?
   11 |     rclcpp::[01;31m[Kshutdwon[m[K();
      |             [01;31m[K^~~~~~~~[m[K
      |             [32m[Kshutdown[m[K
gmake[2]: *** [CMakeFiles/demo04_listener_stu.dir/build.make:76: CMakeFiles/demo04_listener_stu.dir/src/demo04_listener_stu.cpp.o] Error 1
gmake[1]: *** [CMakeFiles/Makefile2:221: CMakeFiles/demo04_listener_stu.dir/all] Error 2
gmake[1]: *** Waiting for unfinished jobs....
[ 62%] [32m[1mLinking CXX executable demo03_talker_stu[0m
[ 75%] [32m[1mLinking CXX executable demo01_talker_str[0m
[ 75%] Built target demo03_talker_stu
[ 75%] Built target demo01_talker_str
[ 87%] [32m[1mLinking CXX executable demo02_listener_str[0m
[ 87%] Built target demo02_listener_str
gmake: *** [Makefile:146: all] Error 2
