[0.015s] Invoking command in '/home/sophia/workspace/about_ros/code/about_ros2/topic_ros/build/cpp01_topic': CMAKE_PREFIX_PATH=/home/sophia/workspace/about_ros/code/about_ros2/topic_ros/install/base_interface_demo:/home/sophia/workspace/about_ros/code/about_ros2/topic_ros/install/cpp01_topic:/home/sophia/workspace/about_ros/code/about_ros2/topic_ros/install/topic_test_cpp:/home/sophia/workspace/about_ros/code/about_ros2/first_ros/install/first_helloworld_cpp:/opt/ros/humble /usr/bin/cmake --build /home/sophia/workspace/about_ros/code/about_ros2/topic_ros/build/cpp01_topic -- -j8 -l8
[0.035s] -- Found ament_cmake: 1.3.5 (/opt/ros/humble/share/ament_cmake/cmake)
[0.165s] -- Found rclcpp: 16.0.5 (/opt/ros/humble/share/rclcpp/cmake)
[0.192s] -- Found rosidl_generator_c: 3.1.5 (/opt/ros/humble/share/rosidl_generator_c/cmake)
[0.194s] -- Found rosidl_adapter: 3.1.5 (/opt/ros/humble/share/rosidl_adapter/cmake)
[0.200s] -- Found rosidl_generator_cpp: 3.1.5 (/opt/ros/humble/share/rosidl_generator_cpp/cmake)
[0.210s] -- Using all available rosidl_typesupport_c: rosidl_typesupport_fastrtps_c;rosidl_typesupport_introspection_c
[0.225s] -- Using all available rosidl_typesupport_cpp: rosidl_typesupport_fastrtps_cpp;rosidl_typesupport_introspection_cpp
[0.281s] -- Found rmw_implementation_cmake: 6.1.1 (/opt/ros/humble/share/rmw_implementation_cmake/cmake)
[0.282s] -- Found rmw_fastrtps_cpp: 6.2.3 (/opt/ros/humble/share/rmw_fastrtps_cpp/cmake)
[0.392s] -- Using RMW implementation 'rmw_fastrtps_cpp' as default
[0.546s] -- Found base_interface_demo: 0.0.0 (/home/sophia/workspace/about_ros/code/about_ros2/topic_ros/install/base_interface_demo/share/base_interface_demo/cmake)
[0.563s] -- Found ament_lint_auto: 0.12.7 (/opt/ros/humble/share/ament_lint_auto/cmake)
[0.708s] -- Added test 'cppcheck' to perform static code analysis on C / C++ code
[0.708s] -- Configured cppcheck include dirs: $<BUILD_INTERFACE:/home/sophia/workspace/about_ros/code/about_ros2/topic_ros/src/cpp01_topic/include>
[0.709s] -- Configured cppcheck exclude dirs and/or files: 
[0.711s] -- Added test 'lint_cmake' to check CMake code style
[0.715s] -- Added test 'uncrustify' to check C / C++ code style
[0.715s] -- Configured uncrustify additional arguments: 
[0.716s] -- Added test 'xmllint' to check XML markup files
[0.720s] -- Configuring done
[0.858s] -- Generating done
[0.864s] -- Build files have been written to: /home/sophia/workspace/about_ros/code/about_ros2/topic_ros/build/cpp01_topic
[0.921s] [35m[1mConsolidate compiler generated dependencies of target demo02_listener_str[0m
[0.933s] [ 25%] [32mBuilding CXX object CMakeFiles/demo04_listener_stu.dir/src/demo04_listener_stu.cpp.o[0m
[0.933s] [ 25%] [32mBuilding CXX object CMakeFiles/demo03_talker_stu.dir/src/demo03_talker_stu.cpp.o[0m
[0.934s] [35m[1mConsolidate compiler generated dependencies of target demo01_talker_str[0m
[0.943s] [ 37%] [32mBuilding CXX object CMakeFiles/demo02_listener_str.dir/src/demo02_listener_str.cpp.o[0m
[0.952s] [ 50%] [32mBuilding CXX object CMakeFiles/demo01_talker_str.dir/src/demo01_talker_str.cpp.o[0m
[5.051s] [01m[K/home/sophia/workspace/about_ros/code/about_ros2/topic_ros/src/cpp01_topic/src/demo04_listener_stu.cpp:3:5:[m[K [01;35m[Kwarning: [m[Ksecond argument of â€˜[01m[Kint main(int, int**)[m[Kâ€™ should be â€˜[01m[Kchar **[m[Kâ€™ [[01;35m[K]8;;https://gcc.gnu.org/onlinedocs/gcc/Warning-Options.html#index-Wmain-Wmain]8;;[m[K]
[5.090s]     3 | int [01;35m[Kmain[m[K(int argc, int ** argv)
[5.090s]       |     [01;35m[K^~~~[m[K
[5.090s] [01m[K/home/sophia/workspace/about_ros/code/about_ros2/topic_ros/src/cpp01_topic/src/demo04_listener_stu.cpp:[m[K In function â€˜[01m[Kint main(int, int**)[m[Kâ€™:
[5.090s] [01m[K/home/sophia/workspace/about_ros/code/about_ros2/topic_ros/src/cpp01_topic/src/demo04_listener_stu.cpp:5:24:[m[K [01;31m[Kerror: [m[Kcannot convert â€˜[01m[Kint**[m[Kâ€™ to â€˜[01m[Kconst char* const*[m[Kâ€™
[5.090s]     5 |     rclcpp::init(argc, [01;31m[Kargv[m[K);
[5.090s]       |                        [01;31m[K^~~~[m[K
[5.090s]       |                        [01;31m[K|[m[K
[5.091s]       |                        [01;31m[Kint**[m[K
[5.091s] In file included from [01m[K/opt/ros/humble/include/rclcpp/rclcpp/logging.hpp:25[m[K,
[5.091s]                  from [01m[K/opt/ros/humble/include/rclcpp/rclcpp/client.hpp:40[m[K,
[5.091s]                  from [01m[K/opt/ros/humble/include/rclcpp/rclcpp/callback_group.hpp:24[m[K,
[5.091s]                  from [01m[K/opt/ros/humble/include/rclcpp/rclcpp/any_executable.hpp:20[m[K,
[5.091s]                  from [01m[K/opt/ros/humble/include/rclcpp/rclcpp/memory_strategy.hpp:25[m[K,
[5.091s]                  from [01m[K/opt/ros/humble/include/rclcpp/rclcpp/memory_strategies.hpp:18[m[K,
[5.091s]                  from [01m[K/opt/ros/humble/include/rclcpp/rclcpp/executor_options.hpp:20[m[K,
[5.091s]                  from [01m[K/opt/ros/humble/include/rclcpp/rclcpp/executor.hpp:37[m[K,
[5.092s]                  from [01m[K/opt/ros/humble/include/rclcpp/rclcpp/executors/multi_threaded_executor.hpp:25[m[K,
[5.092s]                  from [01m[K/opt/ros/humble/include/rclcpp/rclcpp/executors.hpp:21[m[K,
[5.092s]                  from [01m[K/opt/ros/humble/include/rclcpp/rclcpp/rclcpp.hpp:155[m[K,
[5.092s]                  from [01m[K/home/sophia/workspace/about_ros/code/about_ros2/topic_ros/src/cpp01_topic/src/demo04_listener_stu.cpp:1[m[K:
[5.092s] [01m[K/opt/ros/humble/include/rclcpp/rclcpp/utilities.hpp:77:24:[m[K [01;36m[Knote: [m[K  initializing argument 2 of â€˜[01m[Kvoid rclcpp::init(int, const char* const*, const rclcpp::InitOptions&, rclcpp::SignalHandlerOptions)[m[Kâ€™
[5.092s]    77 |   [01;36m[Kchar const * const * argv[m[K,
[5.092s]       |   [01;36m[K~~~~~~~~~~~~~~~~~~~~~^~~~[m[K
[5.092s] [01m[K/home/sophia/workspace/about_ros/code/about_ros2/topic_ros/src/cpp01_topic/src/demo04_listener_stu.cpp:11:13:[m[K [01;31m[Kerror: [m[Kâ€˜[01m[Kshutdwon[m[Kâ€™ is not a member of â€˜[01m[Krclcpp[m[Kâ€™; did you mean â€˜[01m[Kshutdown[m[Kâ€™?
[5.092s]    11 |     rclcpp::[01;31m[Kshutdwon[m[K();
[5.092s]       |             [01;31m[K^~~~~~~~[m[K
[5.093s]       |             [32m[Kshutdown[m[K
[5.536s] gmake[2]: *** [CMakeFiles/demo04_listener_stu.dir/build.make:76: CMakeFiles/demo04_listener_stu.dir/src/demo04_listener_stu.cpp.o] Error 1
[5.536s] gmake[1]: *** [CMakeFiles/Makefile2:221: CMakeFiles/demo04_listener_stu.dir/all] Error 2
[5.536s] gmake[1]: *** Waiting for unfinished jobs....
[6.690s] [ 62%] [32m[1mLinking CXX executable demo03_talker_stu[0m
[7.190s] [ 75%] [32m[1mLinking CXX executable demo01_talker_str[0m
[7.544s] [ 75%] Built target demo03_talker_stu
[7.586s] [ 75%] Built target demo01_talker_str
[10.636s] [ 87%] [32m[1mLinking CXX executable demo02_listener_str[0m
[11.011s] [ 87%] Built target demo02_listener_str
[11.012s] gmake: *** [Makefile:146: all] Error 2
[11.042s] Invoked command in '/home/sophia/workspace/about_ros/code/about_ros2/topic_ros/build/cpp01_topic' returned '2': CMAKE_PREFIX_PATH=/home/sophia/workspace/about_ros/code/about_ros2/topic_ros/install/base_interface_demo:/home/sophia/workspace/about_ros/code/about_ros2/topic_ros/install/cpp01_topic:/home/sophia/workspace/about_ros/code/about_ros2/topic_ros/install/topic_test_cpp:/home/sophia/workspace/about_ros/code/about_ros2/first_ros/install/first_helloworld_cpp:/opt/ros/humble /usr/bin/cmake --build /home/sophia/workspace/about_ros/code/about_ros2/topic_ros/build/cpp01_topic -- -j8 -l8
