[0.125s] Invoking command in '/home/sophia/workspace/about_ros/code/about_ros2/ws_tools/build/cpp03_tf_broadcaster': CMAKE_PREFIX_PATH=/opt/ros/humble /bin/cmake --build /home/sophia/workspace/about_ros/code/about_ros2/ws_tools/build/cpp03_tf_broadcaster -- -j8 -l8
[1.074s] [35m[1mConsolidate compiler generated dependencies of target demo03_point_tf_broadcaster[0m
[1.153s] [35m[1mConsolidate compiler generated dependencies of target demo02_dynamic_tf_broadcaster[0m
[1.409s] [ 16%] [32mBuilding CXX object CMakeFiles/demo03_point_tf_broadcaster.dir/src/demo03_point_tf_broadcaster.cpp.o[0m
[1.544s] [ 83%] Built target demo01_static_tf_broadcaster
[1.544s] [ 83%] Built target demo02_dynamic_tf_broadcaster
[8.093s] [01m[K/home/sophia/workspace/about_ros/code/about_ros2/ws_tools/src/cpp03_tf_broadcaster/src/demo03_point_tf_broadcaster.cpp:32:17:[m[K [01;31m[Kerror: [m[Kâ€˜[01m[KPublicsher[m[Kâ€™ in namespace â€˜[01m[Krclcpp[m[Kâ€™ does not name a template type; did you mean â€˜[01m[KPublisher[m[Kâ€™?
[8.093s]    32 |         rclcpp::[01;31m[KPublicsher[m[K<geometry_msgs::msg::PointStamped>::SharedPtr point_pub_;
[8.093s]       |                 [01;31m[K^~~~~~~~~~[m[K
[8.093s]       |                 [32m[KPublisher[m[K
[8.124s] [01m[K/home/sophia/workspace/about_ros/code/about_ros2/ws_tools/src/cpp03_tf_broadcaster/src/demo03_point_tf_broadcaster.cpp:[m[K In constructor â€˜[01m[KMiniPointNode::MiniPointNode()[m[Kâ€™:
[8.124s] [01m[K/home/sophia/workspace/about_ros/code/about_ros2/ws_tools/src/cpp03_tf_broadcaster/src/demo03_point_tf_broadcaster.cpp:13:13:[m[K [01;31m[Kerror: [m[Kâ€˜[01m[Kpoint_pub_[m[Kâ€™ was not declared in this scope
[8.124s]    13 |             [01;31m[Kpoint_pub_[m[K = this->create_publisher<geometry_msgs::msg::PointStamped>("point",10);
[8.124s]       |             [01;31m[K^~~~~~~~~~[m[K
[8.141s] [01m[K/home/sophia/workspace/about_ros/code/about_ros2/ws_tools/src/cpp03_tf_broadcaster/src/demo03_point_tf_broadcaster.cpp:[m[K In member function â€˜[01m[Kvoid MiniPointNode::on_timer()[m[Kâ€™:
[8.141s] [01m[K/home/sophia/workspace/about_ros/code/about_ros2/ws_tools/src/cpp03_tf_broadcaster/src/demo03_point_tf_broadcaster.cpp:30:13:[m[K [01;31m[Kerror: [m[Kâ€˜[01m[Kpoint_pub_[m[Kâ€™ was not declared in this scope
[8.141s]    30 |             [01;31m[Kpoint_pub_[m[K->publish(ps);
[8.141s]       |             [01;31m[K^~~~~~~~~~[m[K
[8.845s] gmake[2]: *** [CMakeFiles/demo03_point_tf_broadcaster.dir/build.make:76: CMakeFiles/demo03_point_tf_broadcaster.dir/src/demo03_point_tf_broadcaster.cpp.o] Error 1
[8.845s] gmake[1]: *** [CMakeFiles/Makefile2:193: CMakeFiles/demo03_point_tf_broadcaster.dir/all] Error 2
[8.845s] gmake: *** [Makefile:146: all] Error 2
[8.847s] Invoked command in '/home/sophia/workspace/about_ros/code/about_ros2/ws_tools/build/cpp03_tf_broadcaster' returned '2': CMAKE_PREFIX_PATH=/opt/ros/humble /bin/cmake --build /home/sophia/workspace/about_ros/code/about_ros2/ws_tools/build/cpp03_tf_broadcaster -- -j8 -l8
