[01m[K/home/sophia/workspace/about_ros/code/about_ros2/ws_tools/src/cpp02_rosbag/src/demo01_writer.cpp:21:28:[m[K [01;31m[Kerror: [m[Kâ€˜[01m[Kstd::Shared_ptr[m[Kâ€™ has not been declared
   21 |         void do_writer_mag([01;31m[Kstd[m[K::Shared_ptr<rclcpp::SerializedMessage> msg){
      |                            [01;31m[K^~~[m[K
[01m[K/home/sophia/workspace/about_ros/code/about_ros2/ws_tools/src/cpp02_rosbag/src/demo01_writer.cpp:21:43:[m[K [01;31m[Kerror: [m[Kexpected â€˜[01m[K,[m[Kâ€™ or â€˜[01m[K...[m[Kâ€™ before â€˜[01m[K<[m[Kâ€™ token
   21 |         void do_writer_mag(std::Shared_ptr[01;31m[K<[m[Krclcpp::SerializedMessage> msg){
      |                                           [01;31m[K^[m[K
[01m[K/home/sophia/workspace/about_ros/code/about_ros2/ws_tools/src/cpp02_rosbag/src/demo01_writer.cpp:27:30:[m[K [01;31m[Kerror: [m[Kâ€˜[01m[Kgemoetry_msgs[m[Kâ€™ was not declared in this scope; did you mean â€˜[01m[Kgeometry_msgs[m[Kâ€™?
   27 |         rclcpp::Subscription<[01;31m[Kgemoetry_msgs[m[K::msg::Twist>::SharedPtr sub_;
      |                              [01;31m[K^~~~~~~~~~~~~[m[K
      |                              [32m[Kgeometry_msgs[m[K
[01m[K/home/sophia/workspace/about_ros/code/about_ros2/ws_tools/src/cpp02_rosbag/src/demo01_writer.cpp:27:55:[m[K [01;31m[Kerror: [m[Ktemplate argument 1 is invalid
   27 |         rclcpp::Subscription<gemoetry_msgs::msg::Twist[01;31m[K>[m[K::SharedPtr sub_;
      |                                                       [01;31m[K^[m[K
[01m[K/home/sophia/workspace/about_ros/code/about_ros2/ws_tools/src/cpp02_rosbag/src/demo01_writer.cpp:27:55:[m[K [01;31m[Kerror: [m[Ktemplate argument 3 is invalid
[01m[K/home/sophia/workspace/about_ros/code/about_ros2/ws_tools/src/cpp02_rosbag/src/demo01_writer.cpp:27:55:[m[K [01;31m[Kerror: [m[Ktemplate argument 4 is invalid
[01m[K/home/sophia/workspace/about_ros/code/about_ros2/ws_tools/src/cpp02_rosbag/src/demo01_writer.cpp:27:55:[m[K [01;31m[Kerror: [m[Ktemplate argument 5 is invalid
[01m[K/home/sophia/workspace/about_ros/code/about_ros2/ws_tools/src/cpp02_rosbag/src/demo01_writer.cpp:27:58:[m[K [01;31m[Kerror: [m[Kexpected â€˜[01m[K;[m[Kâ€™ at end of member declaration
   27 |         rclcpp::Subscription<gemoetry_msgs::msg::Twist>::[01;31m[KSharedPtr[m[K sub_;
      |                                                          [01;31m[K^~~~~~~~~[m[K
      |                                                                   [32m[K;[m[K
[01m[K/home/sophia/workspace/about_ros/code/about_ros2/ws_tools/src/cpp02_rosbag/src/demo01_writer.cpp:27:68:[m[K [01;31m[Kerror: [m[Kâ€˜[01m[Ksub_[m[Kâ€™ does not name a type
   27 |        rclcpp::Subscription<gemoetry_msgs::msg::Twist>::SharedPtr [01;31m[Ksub_[m[K;
      |                                                                   [01;31m[K^~~~[m[K

[01m[K/home/sophia/workspace/about_ros/code/about_ros2/ws_tools/src/cpp02_rosbag/src/demo01_writer.cpp:[m[K In constructor â€˜[01m[KSimpleBagRecorder::SimpleBagRecorder()[m[Kâ€™:
[01m[K/home/sophia/workspace/about_ros/code/about_ros2/ws_tools/src/cpp02_rosbag/src/demo01_writer.cpp:16:13:[m[K [01;31m[Kerror: [m[Kâ€˜[01m[Ksub_[m[Kâ€™ was not declared in this scope
   16 |             [01;31m[Ksub_[m[K = this->create_subscription<gemoetry_msgs::msg::Twist>("/turtle1/cmd_vel",10,std::bind(&SimpleBagRecorder::do_writer_msg, this, std::placeholders::__1));
      |             [01;31m[K^~~~[m[K
[01m[K/home/sophia/workspace/about_ros/code/about_ros2/ws_tools/src/cpp02_rosbag/src/demo01_writer.cpp:16:46:[m[K [01;31m[Kerror: [m[Kâ€˜[01m[Kgemoetry_msgs[m[Kâ€™ was not declared in this scope; did you mean â€˜[01m[Kgeometry_msgs[m[Kâ€™?
   16 |             sub_ = this->create_subscription<[01;31m[Kgemoetry_msgs[m[K::msg::Twist>("/turtle1/cmd_vel",10,std::bind(&SimpleBagRecorder::do_writer_msg, this, std::placeholders::__1));
      |                                              [01;31m[K^~~~~~~~~~~~~[m[K
      |                                              [32m[Kgeometry_msgs[m[K
[01m[K/home/sophia/workspace/about_ros/code/about_ros2/ws_tools/src/cpp02_rosbag/src/demo01_writer.cpp:16:26:[m[K [01;31m[Kerror: [m[Kparse error in template argument list
   16 |             sub_ = this->[01;31m[Kcreate_subscription<gemoetry_msgs::msg::Twist>[m[K("/turtle1/cmd_vel",10,std::bind(&SimpleBagRecorder::do_writer_msg, this, std::placeholders::__1));
      |                          [01;31m[K^~~~~~~~~~~~~~~~~~~~~~~~~~~~~~~~~~~~~~~~~~~~~~[m[K
[01m[K/home/sophia/workspace/about_ros/code/about_ros2/ws_tools/src/cpp02_rosbag/src/demo01_writer.cpp:16:125:[m[K [01;31m[Kerror: [m[Kâ€˜[01m[Kdo_writer_msg[m[Kâ€™ is not a member of â€˜[01m[KSimpleBagRecorder[m[Kâ€™
   16 | :Twist>("/turtle1/cmd_vel",10,std::bind(&SimpleBagRecorder::[01;31m[Kdo_writer_msg[m[K, this, std::placeholders::__1));
      |                                                             [01;31m[K^~~~~~~~~~~~~[m[K

[01m[K/home/sophia/workspace/about_ros/code/about_ros2/ws_tools/src/cpp02_rosbag/src/demo01_writer.cpp:16:165:[m[K [01;31m[Kerror: [m[Kâ€˜[01m[K__1[m[Kâ€™ is not a member of â€˜[01m[Kstd::placeholders[m[Kâ€™; did you mean â€˜[01m[K_21[m[Kâ€™?
   16 | bind(&SimpleBagRecorder::do_writer_msg, this, std::placeholders::[01;31m[K__1[m[K));
      |                                                                  [01;31m[K^~~[m[K
      |                                                                  [32m[K_21[m[K
[01m[K/home/sophia/workspace/about_ros/code/about_ros2/ws_tools/src/cpp02_rosbag/src/demo01_writer.cpp:[m[K In member function â€˜[01m[Kvoid SimpleBagRecorder::do_writer_mag(int)[m[Kâ€™:
[01m[K/home/sophia/workspace/about_ros/code/about_ros2/ws_tools/src/cpp02_rosbag/src/demo01_writer.cpp:23:22:[m[K [01;31m[Kerror: [m[Kâ€˜[01m[Kclass rosbag2_cpp::Writer[m[Kâ€™ has no member named â€˜[01m[Kwriter[m[Kâ€™; did you mean â€˜[01m[KWriter[m[Kâ€™?
   23 |             writer_->[01;31m[Kwriter[m[K(msg,"turtle1/cmd_vel","geometry_msgs/msg/Twist",this->now());
      |                      [01;31m[K^~~~~~[m[K
      |                      [32m[KWriter[m[K
[01m[K/home/sophia/workspace/about_ros/code/about_ros2/ws_tools/src/cpp02_rosbag/src/demo01_writer.cpp:23:29:[m[K [01;31m[Kerror: [m[Kâ€˜[01m[Kmsg[m[Kâ€™ was not declared in this scope
   23 |             writer_->writer([01;31m[Kmsg[m[K,"turtle1/cmd_vel","geometry_msgs/msg/Twist",this->now());
      |                             [01;31m[K^~~[m[K
[01m[K/home/sophia/workspace/about_ros/code/about_ros2/ws_tools/src/cpp02_rosbag/src/demo01_writer.cpp:23:29:[m[K [01;36m[Knote: [m[Ksuggested alternatives:
In file included from [01m[K/opt/ros/humble/include/builtin_interfaces/builtin_interfaces/msg/duration.hpp:7[m[K,
                 from [01m[K/opt/ros/humble/include/rclcpp/rclcpp/duration.hpp:20[m[K,
                 from [01m[K/opt/ros/humble/include/rclcpp/rclcpp/qos.hpp:20[m[K,
                 from [01m[K/opt/ros/humble/include/rclcpp/rclcpp/node_interfaces/node_graph_interface.hpp:32[m[K,
                 from [01m[K/opt/ros/humble/include/rclcpp/rclcpp/client.hpp:42[m[K,
                 from [01m[K/opt/ros/humble/include/rclcpp/rclcpp/callback_group.hpp:24[m[K,
                 from [01m[K/opt/ros/humble/include/rclcpp/rclcpp/any_executable.hpp:20[m[K,
                 from [01m[K/opt/ros/humble/include/rclcpp/rclcpp/memory_strategy.hpp:25[m[K,
                 from [01m[K/opt/ros/humble/include/rclcpp/rclcpp/memory_strategies.hpp:18[m[K,
                 from [01m[K/opt/ros/humble/include/rclcpp/rclcpp/executor_options.hpp:20[m[K,
                 from [01m[K/opt/ros/humble/include/rclcpp/rclcpp/executor.hpp:37[m[K,
                 from [01m[K/opt/ros/humble/include/rclcpp/rclcpp/executors/multi_threaded_executor.hpp:25[m[K,
                 from [01m[K/opt/ros/humble/include/rclcpp/rclcpp/executors.hpp:21[m[K,
                 from [01m[K/opt/ros/humble/include/rclcpp/rclcpp/rclcpp.hpp:155[m[K,
                 from [01m[K/home/sophia/workspace/about_ros/code/about_ros2/ws_tools/src/cpp02_rosbag/src/demo01_writer.cpp:2[m[K:
[01m[K/opt/ros/humble/include/builtin_interfaces/builtin_interfaces/msg/detail/duration__struct.hpp:27:11:[m[K [01;36m[Knote: [m[K  â€˜[01m[Kbuiltin_interfaces::msg[m[Kâ€™
   27 | namespace [01;36m[Kmsg[m[K
      |           [01;36m[K^~~[m[K
In file included from [01m[K/opt/ros/humble/include/rcl_interfaces/rcl_interfaces/msg/set_parameters_result.hpp:7[m[K,
                 from [01m[K/opt/ros/humble/include/rclcpp/rclcpp/qos_overriding_options.hpp:28[m[K,
                 from [01m[K/opt/ros/humble/include/rclcpp/rclcpp/subscription_options.hpp:30[m[K,
                 from [01m[K/opt/ros/humble/include/rclcpp/rclcpp/subscription.hpp:45[m[K,
                 from [01m[K/opt/ros/humble/include/rclcpp/rclcpp/any_executable.hpp:25[m[K,
                 from [01m[K/opt/ros/humble/include/rclcpp/rclcpp/memory_strategy.hpp:25[m[K,
                 from [01m[K/opt/ros/humble/include/rclcpp/rclcpp/memory_strategies.hpp:18[m[K,
                 from [01m[K/opt/ros/humble/include/rclcpp/rclcpp/executor_options.hpp:20[m[K,
                 from [01m[K/opt/ros/humble/include/rclcpp/rclcpp/executor.hpp:37[m[K,
                 from [01m[K/opt/ros/humble/include/rclcpp/rclcpp/executors/multi_threaded_executor.hpp:25[m[K,
                 from [01m[K/opt/ros/humble/include/rclcpp/rclcpp/executors.hpp:21[m[K,
                 from [01m[K/opt/ros/humble/include/rclcpp/rclcpp/rclcpp.hpp:155[m[K,
                 from [01m[K/home/sophia/workspace/about_ros/code/about_ros2/ws_tools/src/cpp02_rosbag/src/demo01_writer.cpp:2[m[K:
[01m[K/opt/ros/humble/include/rcl_interfaces/rcl_interfaces/msg/detail/set_parameters_result__struct.hpp:27:11:[m[K [01;36m[Knote: [m[K  â€˜[01m[Krcl_interfaces::msg[m[Kâ€™
   27 | namespace [01;36m[Kmsg[m[K
      |           [01;36m[K^~~[m[K
In file included from [01m[K/opt/ros/humble/include/statistics_msgs/statistics_msgs/msg/detail/metrics_message__struct.hpp:23[m[K,
                 from [01m[K/opt/ros/humble/include/statistics_msgs/statistics_msgs/msg/metrics_message.hpp:7[m[K,
                 from [01m[K/opt/ros/humble/include/libstatistics_collector/libstatistics_collector/collector/generate_statistics_message.hpp:21[m[K,
                 from [01m[K/opt/ros/humble/include/rclcpp/rclcpp/topic_statistics/subscription_topic_statistics.hpp:23[m[K,
                 from [01m[K/opt/ros/humble/include/rclcpp/rclcpp/subscription.hpp:50[m[K,
                 from [01m[K/opt/ros/humble/include/rclcpp/rclcpp/any_executable.hpp:25[m[K,
                 from [01m[K/opt/ros/humble/include/rclcpp/rclcpp/memory_strategy.hpp:25[m[K,
                 from [01m[K/opt/ros/humble/include/rclcpp/rclcpp/memory_strategies.hpp:18[m[K,
                 from [01m[K/opt/ros/humble/include/rclcpp/rclcpp/executor_options.hpp:20[m[K,
                 from [01m[K/opt/ros/humble/include/rclcpp/rclcpp/executor.hpp:37[m[K,
                 from [01m[K/opt/ros/humble/include/rclcpp/rclcpp/executors/multi_threaded_executor.hpp:25[m[K,
                 from [01m[K/opt/ros/humble/include/rclcpp/rclcpp/executors.hpp:21[m[K,
                 from [01m[K/opt/ros/humble/include/rclcpp/rclcpp/rclcpp.hpp:155[m[K,
                 from [01m[K/home/sophia/workspace/about_ros/code/about_ros2/ws_tools/src/cpp02_rosbag/src/demo01_writer.cpp:2[m[K:
[01m[K/opt/ros/humble/include/statistics_msgs/statistics_msgs/msg/detail/statistic_data_point__struct.hpp:27:11:[m[K [01;36m[Knote: [m[K  â€˜[01m[Kstatistics_msgs::msg[m[Kâ€™
   27 | namespace [01;36m[Kmsg[m[K
      |           [01;36m[K^~~[m[K
In file included from [01m[K/opt/ros/humble/include/geometry_msgs/geometry_msgs/msg/detail/twist__struct.hpp:21[m[K,
                 from [01m[K/opt/ros/humble/include/geometry_msgs/geometry_msgs/msg/twist.hpp:7[m[K,
                 from [01m[K/home/sophia/workspace/about_ros/code/about_ros2/ws_tools/src/cpp02_rosbag/src/demo01_writer.cpp:3[m[K:
[01m[K/opt/ros/humble/include/geometry_msgs/geometry_msgs/msg/detail/vector3__struct.hpp:27:11:[m[K [01;36m[Knote: [m[K  â€˜[01m[Kgeometry_msgs::msg[m[Kâ€™
   27 | namespace [01;36m[Kmsg[m[K
      |           [01;36m[K^~~[m[K
gmake[2]: *** [CMakeFiles/demo01_writer.dir/build.make:76: CMakeFiles/demo01_writer.dir/src/demo01_writer.cpp.o] Error 1
gmake[1]: *** [CMakeFiles/Makefile2:139: CMakeFiles/demo01_writer.dir/all] Error 2
gmake: *** [Makefile:146: all] Error 2
