[0.011s] Invoking command in '/home/sophia/workspace/about_ros/code/about_ros2/ws_tools/build/cpp02_rosbag': /bin/cmake --build /home/sophia/workspace/about_ros/code/about_ros2/ws_tools/build/cpp02_rosbag -- -j8 -l8
[0.049s] [35m[1mConsolidate compiler generated dependencies of target demo01_writer[0m
[0.063s] [ 50%] Built target demo02_reader
[0.067s] [ 75%] [32mBuilding CXX object CMakeFiles/demo01_writer.dir/src/demo01_writer.cpp.o[0m
[2.434s] [01m[K/home/sophia/workspace/about_ros/code/about_ros2/ws_tools/src/cpp02_rosbag/src/demo01_writer.cpp:27:30:[m[K [01;31m[Kerror: [m[Kâ€˜[01m[Kgemoetry_msgs[m[Kâ€™ was not declared in this scope; did you mean â€˜[01m[Kgeometry_msgs[m[Kâ€™?
[2.434s]    27 |         rclcpp::Subscription<[01;31m[Kgemoetry_msgs[m[K::msg::Twist>::SharedPtr sub_;
[2.434s]       |                              [01;31m[K^~~~~~~~~~~~~[m[K
[2.434s]       |                              [32m[Kgeometry_msgs[m[K
[2.434s] [01m[K/home/sophia/workspace/about_ros/code/about_ros2/ws_tools/src/cpp02_rosbag/src/demo01_writer.cpp:27:55:[m[K [01;31m[Kerror: [m[Ktemplate argument 1 is invalid
[2.434s]    27 |         rclcpp::Subscription<gemoetry_msgs::msg::Twist[01;31m[K>[m[K::SharedPtr sub_;
[2.434s]       |                                                       [01;31m[K^[m[K
[2.434s] [01m[K/home/sophia/workspace/about_ros/code/about_ros2/ws_tools/src/cpp02_rosbag/src/demo01_writer.cpp:27:55:[m[K [01;31m[Kerror: [m[Ktemplate argument 3 is invalid
[2.434s] [01m[K/home/sophia/workspace/about_ros/code/about_ros2/ws_tools/src/cpp02_rosbag/src/demo01_writer.cpp:27:55:[m[K [01;31m[Kerror: [m[Ktemplate argument 4 is invalid
[2.434s] [01m[K/home/sophia/workspace/about_ros/code/about_ros2/ws_tools/src/cpp02_rosbag/src/demo01_writer.cpp:27:55:[m[K [01;31m[Kerror: [m[Ktemplate argument 5 is invalid
[2.434s] [01m[K/home/sophia/workspace/about_ros/code/about_ros2/ws_tools/src/cpp02_rosbag/src/demo01_writer.cpp:27:58:[m[K [01;31m[Kerror: [m[Kexpected â€˜[01m[K;[m[Kâ€™ at end of member declaration
[2.435s]    27 |         rclcpp::Subscription<gemoetry_msgs::msg::Twist>::[01;31m[KSharedPtr[m[K sub_;
[2.435s]       |                                                          [01;31m[K^~~~~~~~~[m[K
[2.435s]       |                                                                   [32m[K;[m[K
[2.435s] [01m[K/home/sophia/workspace/about_ros/code/about_ros2/ws_tools/src/cpp02_rosbag/src/demo01_writer.cpp:27:68:[m[K [01;31m[Kerror: [m[Kâ€˜[01m[Ksub_[m[Kâ€™ does not name a type
[2.435s]    27 |        rclcpp::Subscription<gemoetry_msgs::msg::Twist>::SharedPtr [01;31m[Ksub_[m[K;
[2.435s]       |                                                                   [01;31m[K^~~~[m[K
[2.435s] 
[2.440s] [01m[K/home/sophia/workspace/about_ros/code/about_ros2/ws_tools/src/cpp02_rosbag/src/demo01_writer.cpp:[m[K In constructor â€˜[01m[KSimpleBagRecorder::SimpleBagRecorder()[m[Kâ€™:
[2.441s] [01m[K/home/sophia/workspace/about_ros/code/about_ros2/ws_tools/src/cpp02_rosbag/src/demo01_writer.cpp:16:13:[m[K [01;31m[Kerror: [m[Kâ€˜[01m[Ksub_[m[Kâ€™ was not declared in this scope
[2.441s]    16 |             [01;31m[Ksub_[m[K = this->create_subscription<gemoetry_msgs::msg::Twist>("/turtle1/cmd_vel",10,std::bind(&SimpleBagRecorder::do_writer_msg, this, std::placeholders::__1));
[2.441s]       |             [01;31m[K^~~~[m[K
[2.445s] [01m[K/home/sophia/workspace/about_ros/code/about_ros2/ws_tools/src/cpp02_rosbag/src/demo01_writer.cpp:16:46:[m[K [01;31m[Kerror: [m[Kâ€˜[01m[Kgemoetry_msgs[m[Kâ€™ was not declared in this scope; did you mean â€˜[01m[Kgeometry_msgs[m[Kâ€™?
[2.445s]    16 |             sub_ = this->create_subscription<[01;31m[Kgemoetry_msgs[m[K::msg::Twist>("/turtle1/cmd_vel",10,std::bind(&SimpleBagRecorder::do_writer_msg, this, std::placeholders::__1));
[2.445s]       |                                              [01;31m[K^~~~~~~~~~~~~[m[K
[2.445s]       |                                              [32m[Kgeometry_msgs[m[K
[2.445s] [01m[K/home/sophia/workspace/about_ros/code/about_ros2/ws_tools/src/cpp02_rosbag/src/demo01_writer.cpp:16:26:[m[K [01;31m[Kerror: [m[Kparse error in template argument list
[2.445s]    16 |             sub_ = this->[01;31m[Kcreate_subscription<gemoetry_msgs::msg::Twist>[m[K("/turtle1/cmd_vel",10,std::bind(&SimpleBagRecorder::do_writer_msg, this, std::placeholders::__1));
[2.445s]       |                          [01;31m[K^~~~~~~~~~~~~~~~~~~~~~~~~~~~~~~~~~~~~~~~~~~~~~[m[K
[2.445s] [01m[K/home/sophia/workspace/about_ros/code/about_ros2/ws_tools/src/cpp02_rosbag/src/demo01_writer.cpp:16:125:[m[K [01;31m[Kerror: [m[Kâ€˜[01m[Kdo_writer_msg[m[Kâ€™ is not a member of â€˜[01m[KSimpleBagRecorder[m[Kâ€™
[2.445s]    16 | :Twist>("/turtle1/cmd_vel",10,std::bind(&SimpleBagRecorder::[01;31m[Kdo_writer_msg[m[K, this, std::placeholders::__1));
[2.445s]       |                                                             [01;31m[K^~~~~~~~~~~~~[m[K
[2.445s] 
[2.446s] [01m[K/home/sophia/workspace/about_ros/code/about_ros2/ws_tools/src/cpp02_rosbag/src/demo01_writer.cpp:16:165:[m[K [01;31m[Kerror: [m[Kâ€˜[01m[K__1[m[Kâ€™ is not a member of â€˜[01m[Kstd::placeholders[m[Kâ€™; did you mean â€˜[01m[K_21[m[Kâ€™?
[2.446s]    16 | bind(&SimpleBagRecorder::do_writer_msg, this, std::placeholders::[01;31m[K__1[m[K));
[2.446s]       |                                                                  [01;31m[K^~~[m[K
[2.446s]       |                                                                  [32m[K_21[m[K
[2.446s] [01m[K/home/sophia/workspace/about_ros/code/about_ros2/ws_tools/src/cpp02_rosbag/src/demo01_writer.cpp:[m[K In member function â€˜[01m[Kvoid SimpleBagRecorder::do_writer_mag(std::shared_ptr<rclcpp::SerializedMessage>)[m[Kâ€™:
[2.446s] [01m[K/home/sophia/workspace/about_ros/code/about_ros2/ws_tools/src/cpp02_rosbag/src/demo01_writer.cpp:23:22:[m[K [01;31m[Kerror: [m[Kinvalid use of â€˜[01m[Krosbag2_cpp::Writer::Writer[m[Kâ€™
[2.446s]    23 |             writer_->[01;31m[KWriter[m[K(msg,"turtle1/cmd_vel","geometry_msgs/msg/Twist",this->now());
[2.446s]       |                      [01;31m[K^~~~~~[m[K
[2.928s] gmake[2]: *** [CMakeFiles/demo01_writer.dir/build.make:76: CMakeFiles/demo01_writer.dir/src/demo01_writer.cpp.o] Error 1
[2.928s] gmake[1]: *** [CMakeFiles/Makefile2:139: CMakeFiles/demo01_writer.dir/all] Error 2
[2.928s] gmake: *** [Makefile:146: all] Error 2
[2.930s] Invoked command in '/home/sophia/workspace/about_ros/code/about_ros2/ws_tools/build/cpp02_rosbag' returned '2': /bin/cmake --build /home/sophia/workspace/about_ros/code/about_ros2/ws_tools/build/cpp02_rosbag -- -j8 -l8
